make all --print-data-base --no-builtin-variables --no-builtin-rules --question
# GNU Make 3.81
# Copyright (C) 2006  Free Software Foundation, Inc.
# This is free software; see the source for copying conditions.
# There is NO warranty; not even for MERCHANTABILITY or FITNESS FOR A
# PARTICULAR PURPOSE.

# This program built for i386-apple-darwin11.3.0
 

# Make data base, printed on Mon Jun  6 16:42:54 2022

# Variables

# automatic
<D = $(patsubst %/,%,$(dir $<))
# automatic
?F = $(notdir $?)
# environment
VSCODE_LOG_NATIVE = false
# automatic
?D = $(patsubst %/,%,$(dir $?))
# environment
CPPFLAGS = -I/usr/local/opt/openblas/include
# automatic
@D = $(patsubst %/,%,$(dir $@))
# automatic
@F = $(notdir $@)
# makefile
CURDIR := /Users/dem/workspace/adtech/corelib
# makefile
SHELL = /bin/sh
# environment
VSCODE_NLS_CONFIG = {"locale":"en-us","availableLanguages":{},"_languagePackSupport":true}
# environment
_ = /usr/bin/make
# makefile (from `Makefile', line 3)
BUILD_GOARM = 7
# makefile (from `Makefile', line 1)
MAKEFILE_LIST :=  Makefile
# environment
VSCODE_AMD_ENTRYPOINT = vs/workbench/api/node/extensionHostProcess
# environment
VSCODE_VERBOSE_LOGGING = true
# environment
__CFBundleIdentifier = com.microsoft.VSCode
# environment
INFOPATH = /usr/local/share/info:
# environment
VSCODE_IPC_HOOK_EXTHOST = /var/folders/sd/h9mn_6ss64l0sq6cg0f2408h0000gn/T/vscode-ipc-21cbff74-e9f3-480f-9386-c37399ce0dc6.sock
# environment
VSCODE_CWD = /
# environment
GOPROXY = https://goproxy.io,direct
# environment
PATH = /opt/homebrew/opt/openssl@1.1/bin:/Users/dem/go/bin:/opt/homebrew/opt/icu4c/sbin:/opt/homebrew/opt/icu4c/bin:/usr/local/bin:/usr/local/sbin:/usr/local/bin:/usr/bin:/bin:/usr/sbin:/sbin:/Applications/VMware Fusion.app/Contents/Public:/usr/local/go/bin:/opt/X11/bin:/Library/Apple/usr/bin:/Users/dem/.cargo/bin
# environment
DOCKER_DEFAULT_GOARCH = arm
# environment
GOPATH = /Users/dem/go
# makefile (from `Makefile', line 1)
BUILD_GOOS = $(or ${DOCKER_DEFAULT_GOOS},linux)
# environment
VSCODE_LOG_STACK = false
# environment
ELECTRON_RUN_AS_NODE = 1
# makefile (from `Makefile', line 16)
GOLANGLINTCI := /golangci-lint/latest
# environment
LDFLAGS = -L/usr/local/opt/openblas/lib
# default
.FEATURES := target-specific order-only second-expansion else-if archives jobserver check-symlink
# environment
SSH_AUTH_SOCK = /private/tmp/com.apple.launchd.qhWQvphGpY/Listeners
# automatic
%F = $(notdir $%)
# makefile (from `Makefile', line 15)
GOLANGLINTCI_VERSION := latest
# makefile (from `Makefile', line 10)
GODEBUG := tls13=0
# environment
DISPLAY = /private/tmp/com.apple.launchd.zSqREiT1CQ/org.xquartz:0
# environment
VSCODE_PIPE_LOGGING = true
# environment
PWD = /Users/dem/workspace/adtech/corelib
# environment
HOMEBREW_CELLAR = /usr/local/Cellar
# environment
ORIGINAL_XDG_CURRENT_DESKTOP = undefined
# environment
MANPATH = /usr/local/share/man::
# environment
GOMODCACHE = /Users/dem/go/pkg/mod
# environment
HOME = /Users/dem
# default
MAKEFILEPATH = $(shell /usr/bin/xcode-select -print-path 2>/dev/null || echo /Developer)/Makefiles
# makefile (from `Makefile', line 2)
BUILD_GOARCH = $(or ${DOCKER_DEFAULT_GOARCH},amd64)
# environment
VSCODE_CODE_CACHE_PATH = /Users/dem/Library/Application Support/Code/CachedData/c3511e6c69bb39013c4a4b7b9566ec1ca73fc4d5
# environment
LOGNAME = dem
# environment
APPLICATION_INSIGHTS_NO_DIAGNOSTIC_CHANNEL = 1
# environment
VSCODE_HANDLES_UNCAUGHT_ERRORS = true
# automatic
^D = $(patsubst %/,%,$(dir $^))
# makefile (from `Makefile', line 13)
APP_TAGS := "nats"
# environment
XPC_FLAGS = 0x0
# default
MAKE = $(MAKE_COMMAND)
# default
MAKECMDGOALS := all
# environment
SHLVL = 1
# default
MAKE_VERSION := 3.81
# environment
USER = dem
# makefile (from `Makefile', line 84)
.DEFAULT_GOAL := help
# automatic
%D = $(patsubst %/,%,$(dir $%))
# default
MAKE_COMMAND := /Library/Developer/CommandLineTools/usr/bin/make
# default
.VARIABLES := 
# environment
TMPDIR = /var/folders/sd/h9mn_6ss64l0sq6cg0f2408h0000gn/T/
# automatic
*F = $(notdir $*)
# environment
VSCODE_IPC_HOOK = /Users/dem/Library/Application Support/Code/1.67.2-main.sock
# makefile
MAKEFLAGS = Rrqp
# environment
MFLAGS = -Rrqp
# automatic
*D = $(patsubst %/,%,$(dir $*))
# environment
XPC_SERVICE_NAME = application.com.microsoft.VSCode.85594135.85594141
# environment
HOMEBREW_PREFIX = /usr/local
# automatic
+D = $(patsubst %/,%,$(dir $+))
# makefile (from `Makefile', line 6)
GOSUMDB := off
# automatic
+F = $(notdir $+)
# makefile (from `Makefile', line 4)
BUILD_CGO_ENABLED = 0
# environment
HOMEBREW_REPOSITORY = /usr/local/Homebrew
# environment
__CF_USER_TEXT_ENCODING = 0x1F5:0x0:0x0
# environment
COMMAND_MODE = unix2003
# default
MAKEFILES := 
# automatic
<F = $(notdir $<)
# makefile (from `Makefile', line 11)
GOPRIVATE = bitbucket.org/geniusrabbit/*
# makefile (from `Makefile', line 7)
GOFLAGS = -mod=mod
# environment
LC_ALL = C
# automatic
^F = $(notdir $^)
# default
SUFFIXES := 
# makefile (from `Makefile', line 18)
GOLANGLINTCI_TMP := /var/folders/sd/h9mn_6ss64l0sq6cg0f2408h0000gn/T/tmp.U4FyGRmG
# default
.INCLUDE_DIRS = /usr/local/include
# environment
MAKELEVEL := 0
# environment
LANG = C
# environment
DOCKER_HOST = ssh://pi@raspberrypi.home
# environment
VSCODE_PID = 87119
# variable set hash-table stats:
# Load=87/1024=8%, Rehash=0, Collisions=2/134=1%

# Pattern-specific Variable Values

# No pattern-specific variable values.

# Directories

# . (device 16777230, inode 62548687): 30 files, no impossibilities.

# 30 files, no impossibilities in 1 directories.

# Implicit Rules

# No implicit rules.

# Files

golint: /golangci-lint/latest
#  Phony target (prerequisite of .PHONY).
#  Implicit rule search has not been done.
#  File does not exist.
#  File has been updated.
#  Needs to be updated (-q is set).
# variable set hash-table stats:
# Load=0/32=0%, Rehash=0, Collisions=0/12=0%
#  commands to execute (from `Makefile', line 40):
	# golint -set_exit_status ./...
	golangci-lint run -v ./...
	

all: lint cover
#  Phony target (prerequisite of .PHONY).
#  Command-line target.
#  Implicit rule search has not been done.
#  File does not exist.
#  File has been updated.
#  Needs to be updated (-q is set).
# variable set hash-table stats:
# Load=0/32=0%, Rehash=0, Collisions=0/12=0%

cover:
#  Phony target (prerequisite of .PHONY).
#  Implicit rule search has not been done.
#  File does not exist.
#  File has not been updated.
#  commands to execute (from `Makefile', line 62):
	@mkdir -p $(TMP_ETC)
	@rm -f $(TMP_ETC)/coverage.txt $(TMP_ETC)/coverage.html
	go test -race -coverprofile=$(TMP_ETC)/coverage.txt -coverpkg=./... ./...
	@go tool cover -html=$(TMP_ETC)/coverage.txt -o $(TMP_ETC)/coverage.html
	@echo
	@go tool cover -func=$(TMP_ETC)/coverage.txt | grep total
	@echo
	@echo Open the coverage report:
	@echo open $(TMP_ETC)/coverage.html
	

.PHONY: deps all lint golint fmt test tidy cover generate-code help
#  Implicit rule search has not been done.
#  Modification time never checked.
#  File has not been updated.

deps: /golangci-lint/latest
#  Phony target (prerequisite of .PHONY).
#  Implicit rule search has not been done.
#  File does not exist.
#  File has not been updated.

# Not a target:
.SUFFIXES:
#  Implicit rule search has not been done.
#  Modification time never checked.
#  File has not been updated.

# Not a target:
Makefile:
#  Implicit rule search has been done.
#  Last modified 2022-01-15 17:18:34
#  File has been updated.
#  Successfully updated.
# variable set hash-table stats:
# Load=0/32=0%, Rehash=0, Collisions=0/0=0%

test:
#  Phony target (prerequisite of .PHONY).
#  Implicit rule search has not been done.
#  File does not exist.
#  File has not been updated.
#  commands to execute (from `Makefile', line 52):
	go test -v -tags ${APP_TAGS} -race ./...
	

help:
#  Phony target (prerequisite of .PHONY).
#  Implicit rule search has not been done.
#  File does not exist.
#  File has not been updated.
#  commands to execute (from `Makefile', line 81):
	@grep -E '^[a-zA-Z_-]+:.*?## .*$$' $(MAKEFILE_LIST) | sort | awk 'BEGIN {FS = ":.*?## "}; {printf "\033[36m%-30s\033[0m %s\n", $$1, $$2}'
	

# Not a target:
.DEFAULT:
#  Implicit rule search has not been done.
#  Modification time never checked.
#  File has not been updated.

generate-code:
#  Phony target (prerequisite of .PHONY).
#  Implicit rule search has not been done.
#  File does not exist.
#  File has not been updated.
#  commands to execute (from `Makefile', line 75):
	@echo "Generate code"
	@go generate ./...
	

tidy:
 
#  Phony target (prerequisite of .PHONY).
#  Implicit rule search has not been done.
#  File does not exist.
#  File has not been updated.
#  commands to execute (from `Makefile', line 57):
	go mod tidy
	

fmt:
#  Phony target (prerequisite of .PHONY).
#  Implicit rule search has not been done.
#  File does not exist.
#  File has not been updated.
#  commands to execute (from `Makefile', line 46):
	@echo "Fix formatting"
	@gofmt -w ${GO_FMT_FLAGS} $$(go list -f "{{ .Dir }}" ./...); if [ "$${errors}" != "" ]; then echo "$${errors}"; fi
	

lint: golint
#  Phony target (prerequisite of .PHONY).
#  Implicit rule search has not been done.
#  File does not exist.
#  File has been updated.
#  Needs to be updated (-q is set).
# variable set hash-table stats:
# Load=0/32=0%, Rehash=0, Collisions=0/12=0%

/golangci-lint/latest:
#  Implicit rule search has not been done.
#  Implicit/static pattern stem: `'
#  File does not exist.
#  File has been updated.
#  Needs to be updated (-q is set).
# automatic
# @ := /golangci-lint/latest
# automatic
# % := 
# automatic
# * := 
# automatic
# + := 
# automatic
# | := 
# automatic
# < := 
# automatic
# ^ := 
# automatic
# ? := 
# variable set hash-table stats:
# Load=8/32=25%, Rehash=0, Collisions=5/20=25%
#  commands to execute (from `Makefile', line 18):
	$(eval GOLANGLINTCI_TMP := $(shell mktemp -d))
	cd $(GOLANGLINTCI_TMP); go get github.com/golangci/golangci-lint/cmd/golangci-lint@$(GOLANGLINTCI_VERSION)
	@rm -rf $(GOLANGLINTCI_TMP)
	@rm -rf $(dir $(GOLANGLINTCI))
	@mkdir -p $(dir $(GOLANGLINTCI))
	@touch $(GOLANGLINTCI)
	

# files hash-table stats:
# Load=15/1024=1%, Rehash=0, Collisions=3/53=6%
# VPATH Search Paths

# No `vpath' search paths.

# No general (`VPATH' variable) search path.

# # of strings in strcache: 1
# # of strcache buffers: 1
# strcache size: total = 4096 / max = 4096 / min = 4096 / avg = 4096
# strcache free: total = 4087 / max = 4087 / min = 4087 / avg = 4087

# Finished Make data base on Mon Jun  6 16:42:54 2022

 
